0 info it worked if it ends with ok
1 verbose cli [ 'C:\\Program Files\\nodejs\\node.exe',
1 verbose cli   'C:\\Program Files\\nodejs\\node_modules\\npm\\bin\\npm-cli.js',
1 verbose cli   'install',
1 verbose cli   'https://github.com/michaelsoriano/bootstrap-photo-gallery' ]
2 info using npm@3.10.10
3 info using node@v6.11.1
4 silly loadCurrentTree Starting
5 silly install loadCurrentTree
6 silly install readLocalPackageData
7 silly fetchPackageMetaData https://github.com/michaelsoriano/bootstrap-photo-gallery
8 silly fetchOtherPackageData https://github.com/michaelsoriano/bootstrap-photo-gallery
9 silly cache add args [ 'https://github.com/michaelsoriano/bootstrap-photo-gallery',
9 silly cache add   null ]
10 verbose cache add spec https://github.com/michaelsoriano/bootstrap-photo-gallery
11 silly cache add parsed spec Result {
11 silly cache add   raw: 'https://github.com/michaelsoriano/bootstrap-photo-gallery',
11 silly cache add   scope: null,
11 silly cache add   escapedName: null,
11 silly cache add   name: null,
11 silly cache add   rawSpec: 'https://github.com/michaelsoriano/bootstrap-photo-gallery',
11 silly cache add   spec: 'git+https://github.com/michaelsoriano/bootstrap-photo-gallery.git',
11 silly cache add   type: 'hosted',
11 silly cache add   hosted:
11 silly cache add    { type: 'github',
11 silly cache add      ssh: 'git@github.com:michaelsoriano/bootstrap-photo-gallery.git',
11 silly cache add      sshUrl: 'git+ssh://git@github.com/michaelsoriano/bootstrap-photo-gallery.git',
11 silly cache add      httpsUrl: 'git+https://github.com/michaelsoriano/bootstrap-photo-gallery.git',
11 silly cache add      gitUrl: 'git://github.com/michaelsoriano/bootstrap-photo-gallery.git',
11 silly cache add      shortcut: 'github:michaelsoriano/bootstrap-photo-gallery',
11 silly cache add      directUrl: 'https://raw.githubusercontent.com/michaelsoriano/bootstrap-photo-gallery/master/package.json' } }
12 verbose addRemoteGit caching https://github.com/michaelsoriano/bootstrap-photo-gallery
13 verbose addRemoteGit git+https://github.com/michaelsoriano/bootstrap-photo-gallery.git is a repository hosted by github
14 silly tryClone cloning git+https://github.com/michaelsoriano/bootstrap-photo-gallery.git via git+https://github.com/michaelsoriano/bootstrap-photo-gallery.git
15 verbose tryClone git-https-github-com-michaelsoriano-bootstrap-photo-gallery-git-842f9930 not in flight; caching
16 verbose correctMkdir C:\Users\lukaszpogo\AppData\Roaming\npm-cache\_git-remotes correctMkdir not in flight; initializing
17 verbose makeDirectory C:\Users\lukaszpogo\AppData\Roaming\npm-cache\_git-remotes creation not in flight; initializing
18 verbose makeCacheDir UID & GID are irrelevant on win32
19 info git [ 'clone',
19 info git   '--template=C:\\Users\\lukaszpogo\\AppData\\Roaming\\npm-cache\\_git-remotes\\_templates',
19 info git   '--mirror',
19 info git   'https://github.com/michaelsoriano/bootstrap-photo-gallery.git',
19 info git   'C:\\Users\\lukaszpogo\\AppData\\Roaming\\npm-cache\\_git-remotes\\git-https-github-com-michaelsoriano-bootstrap-photo-gallery-git-842f9930' ]
20 verbose mirrorRemote git+https://github.com/michaelsoriano/bootstrap-photo-gallery.git git clone https://github.com/michaelsoriano/bootstrap-photo-gallery.git
21 verbose setPermissions git+https://github.com/michaelsoriano/bootstrap-photo-gallery.git skipping chownr on Windows
22 verbose resolveHead git+https://github.com/michaelsoriano/bootstrap-photo-gallery.git original treeish: master
23 info git [ 'rev-list', '-n1', 'master' ]
24 silly resolveHead git+https://github.com/michaelsoriano/bootstrap-photo-gallery.git resolved treeish: 2a09847df6ca2f1c6184a2492c1dbfcfead7fa75
25 verbose resolveHead git+https://github.com/michaelsoriano/bootstrap-photo-gallery.git resolved Git URL: git+https://github.com/michaelsoriano/bootstrap-photo-gallery.git#2a09847df6ca2f1c6184a2492c1dbfcfead7fa75
26 silly resolveHead Git working directory: C:\Users\LUKASZ~1\AppData\Local\Temp\npm-4588-89720452\git-cache-2fa619ad\2a09847df6ca2f1c6184a2492c1dbfcfead7fa75
27 info git [ 'clone',
27 info git   'C:\\Users\\lukaszpogo\\AppData\\Roaming\\npm-cache\\_git-remotes\\git-https-github-com-michaelsoriano-bootstrap-photo-gallery-git-842f9930',
27 info git   'C:\\Users\\LUKASZ~1\\AppData\\Local\\Temp\\npm-4588-89720452\\git-cache-2fa619ad\\2a09847df6ca2f1c6184a2492c1dbfcfead7fa75' ]
28 verbose cloneResolved git+https://github.com/michaelsoriano/bootstrap-photo-gallery.git clone Cloning into 'C:\Users\LUKASZ~1\AppData\Local\Temp\npm-4588-89720452\git-cache-2fa619ad\2a09847df6ca2f1c6184a2492c1dbfcfead7fa75'...
28 verbose cloneResolved done.
29 info git [ 'checkout', '2a09847df6ca2f1c6184a2492c1dbfcfead7fa75' ]
30 verbose checkoutTreeish git+https://github.com/michaelsoriano/bootstrap-photo-gallery.git checkout Note: checking out '2a09847df6ca2f1c6184a2492c1dbfcfead7fa75'.
30 verbose checkoutTreeish
30 verbose checkoutTreeish You are in 'detached HEAD' state. You can look around, make experimental
30 verbose checkoutTreeish changes and commit them, and you can discard any commits you make in this
30 verbose checkoutTreeish state without impacting any branches by performing another checkout.
30 verbose checkoutTreeish
30 verbose checkoutTreeish If you want to create a new branch to retain commits you create, you may
30 verbose checkoutTreeish do so (now or later) by using -b with the checkout command again. Example:
30 verbose checkoutTreeish
30 verbose checkoutTreeish   git checkout -b <new-branch-name>
30 verbose checkoutTreeish
30 verbose checkoutTreeish HEAD is now at 2a09847... Merge pull request #13 from codebakery-ch/patch-1
31 info git [ 'submodule', '-q', 'update', '--init', '--recursive' ]
32 verbose updateSubmodules git+https://github.com/michaelsoriano/bootstrap-photo-gallery.git submodule update
33 error addLocal Could not install C:\Users\LUKASZ~1\AppData\Local\Temp\npm-4588-89720452\git-cache-2fa619ad\2a09847df6ca2f1c6184a2492c1dbfcfead7fa75
34 silly fetchPackageMetaData Error: EISDIR: illegal operation on a directory, read
34 silly fetchPackageMetaData     at Error (native)
34 silly fetchPackageMetaData  error for https://github.com/michaelsoriano/bootstrap-photo-gallery { Error: EISDIR: illegal operation on a directory, read
34 silly fetchPackageMetaData     at Error (native) errno: -4068, code: 'EISDIR', syscall: 'read' }
35 silly rollbackFailedOptional Starting
36 silly rollbackFailedOptional Finishing
37 silly runTopLevelLifecycles Finishing
38 silly install printInstalled
39 verbose stack Error: EISDIR: illegal operation on a directory, read
39 verbose stack     at Error (native)
40 verbose cwd C:\wamp64\www\ca
41 error Windows_NT 6.1.7601
42 error argv "C:\\Program Files\\nodejs\\node.exe" "C:\\Program Files\\nodejs\\node_modules\\npm\\bin\\npm-cli.js" "install" "https://github.com/michaelsoriano/bootstrap-photo-gallery"
43 error node v6.11.1
44 error npm  v3.10.10
45 error code EISDIR
46 error errno -4068
47 error syscall read
48 error eisdir EISDIR: illegal operation on a directory, read
49 error eisdir This is most likely not a problem with npm itself
49 error eisdir and is related to npm not being able to find a package.json in
49 error eisdir a package you are trying to install.
50 verbose exit [ -4068, true ]
